Build started 10/22/2015 5:50:28 AM.
     1>Project "C:\Users\prashant\Desktop\C++\Assignment 4\code\ConsoleApplication1\ConsoleApplication1\ConsoleApplication1.vcxproj" on node 2 (Build target(s)).
     1>ClCompile:
         C:\Program Files (x86)\Microsoft Visual Studio 12.0\VC\bin\CL.exe /c /ZI /nologo /W3 /WX- /Od /Oy- /D WIN32 /D _DEBUG /D _CONSOLE /D _LIB /D _UNICODE /D UNICODE /Gm /EHsc /RTC1 /MDd /GS /fp:precise /Zc:wchar_t /Zc:forScope /Fo"Debug\\" /Fd"Debug\vc120.pdb" /Gd /TP /analyze- /errorReport:prompt main.cpp
         main.cpp
     1>c:\users\prashant\desktop\c++\assignment 4\code\consoleapplication1\consoleapplication1\main.cpp(85): warning C4018: '<' : signed/unsigned mismatch
                 c:\users\prashant\desktop\c++\assignment 4\code\consoleapplication1\consoleapplication1\main.cpp(133) : see reference to function template instantiation 'void printData<int*>(T,unsigned int)' being compiled
                 with
                 [
                     T=int *
                 ]
       Link:
         C:\Program Files (x86)\Microsoft Visual Studio 12.0\VC\bin\link.exe /ERRORREPORT:PROMPT /OUT:"C:\Users\prashant\Desktop\C++\Assignment 4\code\ConsoleApplication1\Debug\ConsoleApplication1.exe" /INCREMENTAL /NOLOGO ..\Debug\Timestamp_Lib.lib kernel32.lib user32.lib gdi32.lib winspool.lib comdlg32.lib advapi32.lib shell32.lib ole32.lib oleaut32.lib uuid.lib odbc32.lib odbccp32.lib /MANIFEST /MANIFESTUAC:"level='asInvoker' uiAccess='false'" /manifest:embed /DEBUG /PDB:"C:\Users\prashant\Desktop\C++\Assignment 4\code\ConsoleApplication1\Debug\ConsoleApplication1.pdb" /SUBSYSTEM:CONSOLE /TLBID:1 /DYNAMICBASE /NXCOMPAT /IMPLIB:"C:\Users\prashant\Desktop\C++\Assignment 4\code\ConsoleApplication1\Debug\ConsoleApplication1.lib" /MACHINE:X86 Debug\ConsoleApplication1.obj
         Debug\main.obj
         Debug\SelectionSort.obj
         Debug\stdafx.obj
         Debug\TimeStamp_Test.obj
     1>LINK : warning LNK4067: ambiguous entry point; selected 'mainCRTStartup'
     1>Timestamp_Lib.lib(TimeStamp.obj) : warning LNK4099: PDB 'vc120.pdb' was not found with 'Timestamp_Lib.lib(TimeStamp.obj)' or at 'C:\Users\prashant\Desktop\C++\Assignment 4\code\ConsoleApplication1\Debug\vc120.pdb'; linking object as if no debug info
         ConsoleApplication1.vcxproj -> C:\Users\prashant\Desktop\C++\Assignment 4\code\ConsoleApplication1\Debug\ConsoleApplication1.exe
     1>Done Building Project "C:\Users\prashant\Desktop\C++\Assignment 4\code\ConsoleApplication1\ConsoleApplication1\ConsoleApplication1.vcxproj" (Build target(s)).

Build succeeded.

Time Elapsed 00:00:01.29
